InventorySync Watcher started. Watching: C:\Users\User\Dropbox\InventorySync\sales
[2026-03-14 14:23:26] Exported 1000 new items to export_20260314_162323.csv
[2026-03-14 14:23:53] Exported 190 new items to export_20260314_162353.csv
[2026-03-14 14:24:42] New file detected: 1231231232133333.csv
[2026-03-14 14:24:42]   Barcode XX11111 not found — added to pending_sales
[2026-03-14 14:24:42]   Uploaded to storage: 20260314_162442_1231231232133333.csv
[2026-03-14 14:24:43] 1231231232133333.csv | total: 1 | success: 0 | failed: 0
[2026-03-14 14:24:43] Moved to processed: 1231231232133333.csv
[2026-03-14 14:25:41] New file detected: 111222333.csv
[2026-03-14 14:25:41]   Barcode DD123123 not found — added to pending_sales
[2026-03-14 14:25:41]   Uploaded to storage: 20260314_162541_111222333.csv
[2026-03-14 14:25:42] 111222333.csv | total: 1 | success: 0 | failed: 0
[2026-03-14 14:25:42] Moved to processed: 111222333.csv
[2026-03-14 14:27:29] New file detected: 9347.csv
[2026-03-14 14:27:30] 9347.csv | total: 1 | success: 1 | failed: 0
[2026-03-14 14:27:30] Moved to processed: 9347.csv
[2026-03-14 14:27:47] Skipping duplicate event: 9347.csv
[2026-03-14 14:29:00] New file detected: 9347.csv
[2026-03-14 14:29:00] 9347.csv | total: 1 | success: 1 | failed: 0
[2026-03-14 14:29:00] Moved to processed: 9347.csv
[2026-03-14 15:03:12] New file detected: 9348.csv
[2026-03-14 15:03:13] 9348.csv | total: 1 | success: 1 | failed: 0
[2026-03-14 15:03:13] Moved to processed: 9348.csv
[2026-03-14 16:50:15] New file detected: 9348.csv
[2026-03-14 16:50:16] 9348.csv | total: 1 | success: 1 | failed: 0
[2026-03-14 16:50:16] Moved to processed: 9348.csv
[2026-03-14 16:55:07] Export error: Export query failed: TypeError: fetch failed
[2026-03-14 16:56:07] Export error: Export query failed: TypeError: fetch failed
[2026-03-15 09:29:13] Exported 1 new items to export_20260315_112913.csv
[2026-03-15 12:02:17] Exported 1 new items to export_20260315_140217.csv
InventorySync Watcher started. Watching: C:\Users\User\Dropbox\InventorySync\sales
[2026-03-15 12:11:45] Exported 1 new items to export_20260315_141145.csv
[2026-03-15 12:13:46] Exported 1 new items to export_20260315_141345.csv
[2026-03-15 12:15:46] Exported 1 new items to export_20260315_141545.csv
InventorySync Watcher started. Watching: C:\Users\User\Dropbox\InventorySync\sales
[2026-03-15 12:19:33] Exported 1 new items to export_20260315_141933.xls
[2026-03-16 07:15:52] New file detected: 9348.csv
[2026-03-16 07:15:53] 9348.csv | total: 1 | success: 1 | failed: 0
[2026-03-16 07:15:53] Moved to processed: 9348.csv
[2026-03-16 07:18:58] New file detected: 9348.csv
[2026-03-16 07:18:59] 9348.csv | total: 1 | success: 1 | failed: 0
[2026-03-16 07:18:59] Moved to processed: 9348.csv
[2026-03-16 08:37:02] New file detected: 9349.csv
[2026-03-16 08:37:03] 9349.csv | total: 1 | success: 1 | failed: 0
[2026-03-16 08:37:03] Moved to processed: 9349.csv
[2026-03-16 08:38:14] New file detected: 9349-.csv
[2026-03-16 08:38:15] 9349-.csv | total: 1 | success: 1 | failed: 0
[2026-03-16 08:38:15] Moved to processed: 9349-.csv
[2026-03-16 08:38:56] New file detected: 9349.csv
[2026-03-16 08:38:57] 9349.csv | total: 1 | success: 1 | failed: 0
[2026-03-16 08:38:57] Moved to processed: 9349.csv
[2026-03-16 08:39:13] Skipping duplicate event: 9349.csv
[2026-03-16 08:40:36] New file detected: 9349.csv
[2026-03-16 08:40:36] Error processing 9349.csv: CSV file has no data rows
[2026-03-16 08:40:36]   Uploaded to storage: 20260316_104036_9349.csv
[2026-03-16 08:40:37] Moved to failed: 9349.csv
[2026-03-16 08:41:26] New file detected: 9349.csv
[2026-03-16 08:41:26] Error processing 9349.csv: CSV file has no data rows
[2026-03-16 08:41:27]   Uploaded to storage: 20260316_104126_9349.csv
[2026-03-16 08:41:27] Moved to failed: 9349.csv
[2026-03-16 08:42:15] New file detected: 9349.csv
[2026-03-16 08:42:16] 9349.csv | total: 1 | success: 1 | failed: 0
[2026-03-16 08:42:16] Moved to processed: 9349.csv
[2026-03-16 08:42:32] Skipping duplicate event: 9349.csv
[2026-03-16 08:43:18] New file detected: 9349-.csv
[2026-03-16 08:43:19] 9349-.csv | total: 1 | success: 1 | failed: 0
[2026-03-16 08:43:19] Moved to processed: 9349-.csv
[2026-03-16 08:44:25] Exported 1 new items to export_20260316_104424.xls
[2026-03-16 08:46:25] Exported 1 new items to export_20260316_104625.xls
[2026-03-16 20:04:08] Exported 1000 new items to export_20260316_220406.xls
[2026-03-16 20:04:38] Exported 1000 new items to export_20260316_220436.xls
[2026-03-16 20:05:08] Exported 1000 new items to export_20260316_220506.xls
[2026-03-16 20:05:37] Exported 1000 new items to export_20260316_220536.xls
[2026-03-16 20:06:07] Exported 196 new items to export_20260316_220606.xls
[2026-03-16 20:52:38] Exported 1000 new items to export_20260316_225237.xls
[2026-03-16 20:53:08] Exported 1000 new items to export_20260316_225307.xls
[2026-03-16 20:53:38] Exported 1000 new items to export_20260316_225337.xls
[2026-03-16 20:54:09] Exported 1000 new items to export_20260316_225407.xls
[2026-03-16 20:54:39] Exported 1000 new items to export_20260316_225437.xls
[2026-03-16 20:55:08] Exported 1000 new items to export_20260316_225507.xls
[2026-03-16 20:55:39] Exported 1000 new items to export_20260316_225537.xls
[2026-03-16 20:56:09] Exported 1000 new items to export_20260316_225607.xls
[2026-03-16 20:56:38] Exported 519 new items to export_20260316_225637.xls
[2026-03-17 08:37:20] Export error: Export query failed: <html>
<head><title>500 Internal Server Error</title></head>
<body>
<center><h1>500 Internal Server Error</h1></center>
<hr><center>cloudflare</center>
</body>
</html>

[2026-03-17 11:25:07] New file detected: 9349.csv
[2026-03-17 11:25:08] 9349.csv | total: 1 | success: 1 | failed: 0
[2026-03-17 11:25:08] Moved to processed: 9349.csv
InventorySync Watcher started. Watching: C:\Users\User\Dropbox\InventorySync\sales
[2026-03-22 06:16:39] Export error: Export query failed: TypeError: fetch failed
InventorySync Watcher started. Watching: C:\Users\User\Dropbox\InventorySync\sales
[2026-03-22 06:17:25] Export error: Export query failed: TypeError: fetch failed
[2026-03-22 10:08:19] New file detected: 9390.csv
[2026-03-22 10:08:20] 9390.csv | total: 1 | success: 1 | failed: 0
[2026-03-22 10:08:20] Moved to processed: 9390.csv
[2026-03-22 11:24:26] New file detected: 9391.csv
[2026-03-22 11:24:27] 9391.csv | total: 1 | success: 1 | failed: 0
[2026-03-22 11:24:27] Moved to processed: 9391.csv
[2026-03-22 15:13:55] New file detected: 9392.csv
[2026-03-22 15:13:56]   Skipping duplicate sync_log for 9392.csv
[2026-03-22 15:13:56] 9392.csv | total: 1 | success: 1 | failed: 0
[2026-03-22 15:13:56] Moved to processed: 9392.csv
[2026-03-22 15:46:15] New file detected: 9394.csv
[2026-03-22 15:46:16]   Skipping duplicate sync_log for 9394.csv
[2026-03-22 15:46:16] 9394.csv | total: 1 | success: 1 | failed: 0
[2026-03-22 15:46:16] Moved to processed: 9394.csv
[2026-03-22 15:51:24] New file detected: 9395.csv
[2026-03-22 15:51:25]   Skipping duplicate sync_log for 9395.csv
[2026-03-22 15:51:25] 9395.csv | total: 1 | success: 1 | failed: 0
[2026-03-22 15:51:25] Moved to processed: 9395.csv
[2026-03-23 08:28:30] New file detected: 9396.csv
[2026-03-23 08:28:31]   Skipping duplicate sync_log for 9396.csv
[2026-03-23 08:28:31] 9396.csv | total: 1 | success: 1 | failed: 0
[2026-03-23 08:28:31] Moved to processed: 9396.csv
[2026-03-23 08:39:14] New file detected: 9398.csv
[2026-03-23 08:39:14] Error processing 9398.csv: CSV file has no data rows
[2026-03-23 08:39:14]   Uploaded to storage: 20260323_103914_9398.csv
[2026-03-23 08:39:14] Moved to failed: 9398.csv
[2026-03-23 16:00:30] Exported 1 new items to export_20260323_180029.xls
